<?xml version="1.0" encoding="UTF-8"?>
<testng-results skipped="0" failed="0" total="1" passed="1">
  <reporter-output>
  </reporter-output>
  <suite name="Sample test suite" duration-ms="9027" started-at="2014-02-12T09:48:28Z" finished-at="2014-02-12T09:48:37Z">
    <groups>
    </groups>
    <test name="sample test" duration-ms="9027" started-at="2014-02-12T09:48:28Z" finished-at="2014-02-12T09:48:37Z">
      <class name="com.abc.test.TestClass">
        <test-method status="PASS" signature="sampletest()[pri:0, instance:com.abc.test.TestClass@756a756a]" name="sampletest" duration-ms="9012" started-at="2014-02-12T15:18:28Z" finished-at="2014-02-12T15:18:37Z">
          <reporter-output>
          </reporter-output>
        </test-method> <!-- sampletest -->
      </class> <!-- com.abc.test.TestClass -->
    </test> <!-- sample test -->
  </suite> <!-- Sample test suite -->
</testng-results>
